TN:
SF:src/utils/angleConvert.ts
FN:9,(anonymous_0)
FN:19,(anonymous_1)
FN:29,(anonymous_2)
FN:39,(anonymous_3)
FN:49,(anonymous_4)
FN:59,(anonymous_5)
FNF:6
FNH:6
FNDA:4,(anonymous_0)
FNDA:4,(anonymous_1)
FNDA:4,(anonymous_2)
FNDA:4,(anonymous_3)
FNDA:4,(anonymous_4)
FNDA:4,(anonymous_5)
DA:9,4
DA:10,4
DA:19,4
DA:20,4
DA:29,4
DA:30,4
DA:39,4
DA:40,4
DA:49,4
DA:50,4
DA:59,4
DA:60,4
LF:12
LH:12
BRF:0
BRH:0
end_of_record
TN:
SF:src/utils/angleParser.ts
FN:3,(anonymous_1)
FNF:1
FNH:1
FNDA:4,(anonymous_1)
DA:1,4
DA:3,4
DA:4,4
DA:5,4
DA:6,4
LF:5
LH:5
BRDA:4,0,0,1
BRDA:4,0,1,3
BRF:2
BRH:2
end_of_record
TN:
SF:src/utils/getBestDirectionPoint.ts
FN:4,getBestDirectionPoint
FN:13,(anonymous_2)
FNF:2
FNH:2
FNDA:4,getBestDirectionPoint
FNDA:3,(anonymous_2)
DA:1,3
DA:4,3
DA:10,4
DA:11,1
DA:13,3
DA:14,3
DA:25,3
DA:30,3
DA:35,3
DA:40,3
LF:10
LH:10
BRDA:10,0,0,1
BRDA:40,1,0,1
BRDA:40,1,1,2
BRF:3
BRH:3
end_of_record
TN:
SF:src/utils/getCircleIntersections.ts
FN:14,getCircleIntersections
FNF:1
FNH:1
FNDA:7,getCircleIntersections
DA:1,4
DA:14,4
DA:18,7
DA:19,7
DA:20,7
DA:21,7
DA:22,7
DA:23,7
DA:25,7
DA:26,1
DA:29,6
DA:30,6
DA:31,6
DA:32,6
DA:33,6
DA:35,6
DA:39,1
DA:42,5
DA:43,5
DA:44,5
DA:46,5
DA:47,5
DA:49,5
DA:50,5
DA:51,1
DA:54,4
DA:55,4
DA:56,4
DA:58,4
LF:29
LH:29
BRDA:25,0,0,1
BRDA:25,1,0,7
BRDA:25,1,1,2
BRDA:25,1,2,2
BRDA:35,2,0,1
BRDA:36,3,0,6
BRDA:36,3,1,6
BRDA:50,4,0,1
BRF:8
BRH:8
end_of_record
TN:
SF:src/utils/getCircles.ts
FN:19,getCircles
FNF:1
FNH:0
FNDA:0,getCircles
DA:1,3
DA:4,3
DA:19,3
DA:24,0
DA:25,0
DA:28,0
DA:30,0
DA:31,0
DA:33,0
DA:35,0
DA:37,0
DA:38,0
DA:46,0
DA:51,0
DA:56,0
DA:61,0
DA:66,0
DA:71,0
LF:18
LH:3
BRDA:24,0,0,0
BRDA:24,1,0,0
BRDA:24,1,1,0
BRDA:37,2,0,0
BRF:4
BRH:0
end_of_record
TN:
SF:src/utils/getDirectionPoints.ts
FN:15,getDirectionPoints
FNF:1
FNH:1
FNDA:3,getDirectionPoints
DA:3,3
DA:5,3
DA:15,3
DA:20,3
DA:21,3
DA:22,3
DA:28,3
DA:29,3
DA:30,3
DA:32,3
LF:10
LH:10
BRF:0
BRH:0
end_of_record
TN:
SF:src/utils/getIntersectionCircleDirection.ts
FN:15,getIntersectionCircleDirection
FN:34,(anonymous_1)
FN:36,(anonymous_2)
FNF:3
FNH:3
FNDA:4,getIntersectionCircleDirection
FNDA:8,(anonymous_1)
FNDA:5,(anonymous_2)
DA:2,1
DA:15,1
DA:20,4
DA:22,4
DA:23,4
DA:25,4
DA:26,4
DA:28,4
DA:30,4
DA:31,4
DA:32,4
DA:34,8
DA:36,5
LF:13
LH:13
BRF:0
BRH:0
end_of_record
TN:
SF:src/utils/getMidpoint.ts
FN:11,getMidpoint
FNF:1
FNH:1
FNDA:8,getMidpoint
DA:11,4
DA:12,8
LF:2
LH:2
BRF:0
BRH:0
end_of_record
TN:
SF:src/utils/scale.ts
FN:10,(anonymous_0)
FN:19,(anonymous_1)
FNF:2
FNH:2
FNDA:3,(anonymous_0)
FNDA:6,(anonymous_1)
DA:3,4
DA:10,4
DA:11,3
DA:19,4
DA:20,6
LF:5
LH:5
BRF:0
BRH:0
end_of_record
TN:
SF:src/utils/vector.ts
FN:4,vectorLength
FN:8,vectorFromPoints
FN:15,normalizeVector
FN:25,distanceBetweenPoints
FNF:4
FNH:4
FNDA:25,vectorLength
FNDA:11,vectorFromPoints
FNDA:11,normalizeVector
FNDA:10,distanceBetweenPoints
DA:1,5
DA:4,5
DA:5,25
DA:8,5
DA:9,11
DA:15,5
DA:16,11
DA:17,11
DA:25,5
DA:26,10
LF:10
LH:10
BRDA:17,0,0,1
BRDA:17,0,1,10
BRF:2
BRH:2
end_of_record
TN:
SF:src/utils/scenarios/milsOver.ts
FN:6,milsOver
FNF:1
FNH:1
FNDA:1,milsOver
DA:3,3
DA:4,3
DA:6,3
DA:13,1
DA:14,1
DA:15,1
DA:16,1
LF:7
LH:7
BRF:0
BRH:0
end_of_record
TN:
SF:src/utils/scenarios/milsUnder.ts
FN:6,milsUnder
FNF:1
FNH:1
FNDA:2,milsUnder
DA:1,3
DA:3,3
DA:4,3
DA:6,3
DA:13,2
DA:14,2
DA:15,2
DA:16,2
DA:17,2
DA:18,2
DA:19,2
DA:20,2
DA:21,2
DA:23,2
LF:14
LH:14
BRF:0
BRH:0
end_of_record
TN:
SF:src/utils/scenarios/under.ts
FN:7,under
FNF:1
FNH:1
FNDA:3,under
DA:3,3
DA:4,3
DA:5,3
DA:7,3
DA:14,3
DA:15,3
DA:16,3
DA:17,3
DA:19,3
LF:9
LH:9
BRF:0
BRH:0
end_of_record
